Log file open, 08/23/18 16:36:57
LogWindows: Failed to load 'aqProf.dll' (GetLastError=126)
LogWindows: File 'aqProf.dll' does not exist
LogWindows: Failed to load 'VtuneApi.dll' (GetLastError=126)
LogWindows: File 'VtuneApi.dll' does not exist
LogWindows: Failed to load 'VtuneApi32e.dll' (GetLastError=126)
LogWindows: File 'VtuneApi32e.dll' does not exist
LogInit: Display: Running engine for game: ThePiratesCode
LogPlatformFile: Not using cached read wrapper
LogTaskGraph: Started task graph with 5 named threads and 23 total threads with 3 sets of task threads.
LogStats: Stats thread started at 0.277134
LogD3D11RHI: Loaded GFSDK_Aftermath_Lib.x64.dll
LogICUInternationalization: Display: ICU TimeZone Detection - Raw Offset: +8:00, Platform Override: ''
LogPluginManager: Mounting plugin Paper2D
LogPluginManager: Mounting plugin AISupport
LogPluginManager: Mounting plugin LightPropagationVolume
LogPluginManager: Mounting plugin CLionSourceCodeAccess
LogPluginManager: Mounting plugin CodeLiteSourceCodeAccess
LogPluginManager: Mounting plugin GitSourceControl
LogPluginManager: Mounting plugin KDevelopSourceCodeAccess
LogPluginManager: Mounting plugin NullSourceCodeAccess
LogPluginManager: Mounting plugin PerforceSourceControl
LogPluginManager: Mounting plugin SubversionSourceControl
LogPluginManager: Mounting plugin UObjectPlugin
LogPluginManager: Mounting plugin VisualStudioCodeSourceCodeAccess
LogPluginManager: Mounting plugin VisualStudioSourceCodeAccess
LogPluginManager: Mounting plugin XCodeSourceCodeAccess
LogPluginManager: Mounting plugin AssetManagerEditor
LogPluginManager: Mounting plugin CryptoKeys
LogPluginManager: Mounting plugin DataValidation
LogPluginManager: Mounting plugin FacialAnimation
LogPluginManager: Mounting plugin GameplayTagsEditor
LogPluginManager: Mounting plugin MacGraphicsSwitching
LogPluginManager: Mounting plugin MeshEditor
LogPluginManager: Mounting plugin MobileLauncherProfileWizard
LogPluginManager: Mounting plugin PluginBrowser
LogPluginManager: Mounting plugin SpeedTreeImporter
LogPluginManager: Mounting plugin DatasmithContent
LogPluginManager: Mounting plugin AlembicImporter
LogPluginManager: Mounting plugin AppleImageUtils
LogPluginManager: Mounting plugin AppleVision
LogPluginManager: Mounting plugin BackChannel
LogPluginManager: Mounting plugin CharacterAI
LogPluginManager: Mounting plugin GeometryCache
LogPluginManager: Mounting plugin HTML5Networking
LogPluginManager: Mounting plugin ProxyLODPlugin
LogPluginManager: Mounting plugin MagicLeap
LogPluginManager: Mounting plugin MagicLeapEmulator
LogPluginManager: Mounting plugin MagicLeapMedia
LogPluginManager: Mounting plugin AndroidMedia
LogPluginManager: Mounting plugin AvfMedia
LogPluginManager: Mounting plugin ImgMedia
LogPluginManager: Mounting plugin LinearTimecode
LogPluginManager: Mounting plugin MediaCompositing
LogPluginManager: Mounting plugin MediaPlayerEditor
LogPluginManager: Mounting plugin WmfMedia
LogPluginManager: Mounting plugin TcpMessaging
LogPluginManager: Mounting plugin UdpMessaging
LogPluginManager: Mounting plugin ActorSequence
LogPluginManager: Mounting plugin LevelSequenceEditor
LogPluginManager: Mounting plugin MatineeToLevelSequence
LogPluginManager: Mounting plugin NetcodeUnitTest
LogPluginManager: Mounting plugin NUTUnrealEngine4
LogPluginManager: Mounting plugin OnlineSubsystemGooglePlay
LogPluginManager: Mounting plugin OnlineSubsystemIOS
LogPluginManager: Mounting plugin OnlineSubsystem
LogPluginManager: Mounting plugin OnlineSubsystemNull
LogPluginManager: Mounting plugin OnlineSubsystemUtils
LogPluginManager: Mounting plugin LauncherChunkInstaller
LogPluginManager: Mounting plugin AndroidDeviceProfileSelector
LogPluginManager: Mounting plugin AndroidMoviePlayer
LogPluginManager: Mounting plugin AndroidPermission
LogPluginManager: Mounting plugin AppleMoviePlayer
LogPluginManager: Mounting plugin ArchVisCharacter
LogPluginManager: Mounting plugin AudioCapture
LogPluginManager: Mounting plugin CableComponent
LogPluginManager: Mounting plugin CustomMeshComponent
LogPluginManager: Mounting plugin EditableMesh
LogPluginManager: Mounting plugin ExampleDeviceProfileSelector
LogPluginManager: Mounting plugin GoogleCloudMessaging
LogPluginManager: Mounting plugin ImmediatePhysics
LogPluginManager: Mounting plugin IOSDeviceProfileSelector
LogPluginManager: Mounting plugin LinuxDeviceProfileSelector
LogPluginManager: Mounting plugin LocationServicesBPLibrary
LogPluginManager: Mounting plugin MobilePatchingUtils
LogPluginManager: Mounting plugin OculusVR
LogPluginManager: Plugin shader directory ../../../Engine/Plugins/Runtime/Oculus/OculusVR/Shaders found
LogPluginManager: Mapping shader source directory ../../../Engine/Plugins/Runtime/Oculus/OculusVR/Shaders to virtual directory /Plugin/OculusVR
LogPluginManager: Mounting plugin PhysXVehicles
LogPluginManager: Mounting plugin ProceduralMeshComponent
LogPluginManager: Mounting plugin RuntimePhysXCooking
LogPluginManager: Mounting plugin SteamVR
LogPluginManager: Mounting plugin WindowsMoviePlayer
LogStreaming: Display: Took  0.159s to configure plugins.
LogInit: Using libcurl 7.55.1-DEV
LogInit:  - built for x86_64-pc-win32
LogInit:  - supports SSL with OpenSSL/1.0.2h
LogInit:  - supports HTTP deflate (compression) using libz 1.2.8
LogInit:  - other features:
LogInit:      CURL_VERSION_SSL
LogInit:      CURL_VERSION_LIBZ
LogInit:      CURL_VERSION_IPV6
LogInit:      CURL_VERSION_ASYNCHDNS
LogInit:      CURL_VERSION_LARGEFILE
LogInit:      CURL_VERSION_IDN
LogInit:  CurlRequestOptions (configurable via config and command line):
LogInit:  - bVerifyPeer = false  - Libcurl will NOT verify peer certificate
LogInit:  - bUseHttpProxy = false  - Libcurl will NOT use HTTP proxy
LogInit:  - bDontReuseConnections = false  - Libcurl will reuse connections
LogInit:  - CertBundlePath = nullptr  - Libcurl will use whatever was configured at build time.
LogInit:  - MaxHostConnections = 16  - Libcurl will limit the number of connections to a host
LogInit:  - LocalHostAddr = Default
LogInit:  - BufferSize = 65536
LogInit: WinSock: version 1.1 (2.2), MaxSocks=32767, MaxUdp=65467
LogInit: Build: ++UE4+Release-4.20-CL-4302132
LogInit: Engine Version: 4.20.2-4302132+++UE4+Release-4.20
LogInit: Compatible Engine Version: 4.20.0-4212847+++UE4+Release-4.20
LogInit: Net CL: 4212847
LogInit: OS: Windows 10 (), CPU: Intel(R) Core(TM) i7-4790K CPU @ 4.00GHz, GPU: NVIDIA GeForce GTX 980
LogInit: Compiled (64-bit): Aug 21 2018 02:06:06
LogInit: Compiled with Visual C++: 19.13.26129.00
LogInit: Build Configuration: Development
LogInit: Branch Name: ++UE4+Release-4.20
LogInit: Command Line: -EpicPortal 
LogInit: Base Directory: C:/Program Files/Epic Games/UE_4.20/Engine/Binaries/Win64/
LogInit: Installed Engine Build: 1
LogDevObjectVersion: Number of dev versions registered: 20
LogDevObjectVersion:   Dev-Blueprints (B0D832E4-1F89-4F0D-ACCF-7EB736FD4AA2): 10
LogDevObjectVersion:   Dev-Build (E1C64328-A22C-4D53-A36C-8E866417BD8C): 0
LogDevObjectVersion:   Dev-Core (375EC13C-06E4-48FB-B500-84F0262A717E): 2
LogDevObjectVersion:   Dev-Editor (E4B068ED-F494-42E9-A231-DA0B2E46BB41): 24
LogDevObjectVersion:   Dev-Framework (CFFC743F-43B0-4480-9391-14DF171D2073): 34
LogDevObjectVersion:   Dev-Mobile (B02B49B5-BB20-44E9-A304-32B752E40360): 2
LogDevObjectVersion:   Dev-Networking (A4E4105C-59A1-49B5-A7C5-40C4547EDFEE): 0
LogDevObjectVersion:   Dev-Online (39C831C9-5AE6-47DC-9A44-9C173E1C8E7C): 0
LogDevObjectVersion:   Dev-Physics (78F01B33-EBEA-4F98-B9B4-84EACCB95AA2): 0
LogDevObjectVersion:   Dev-Platform (6631380F-2D4D-43E0-8009-CF276956A95A): 0
LogDevObjectVersion:   Dev-Rendering (12F88B9F-8875-4AFC-A67C-D90C383ABD29): 26
LogDevObjectVersion:   Dev-Sequencer (7B5AE74C-D270-4C10-A958-57980B212A5A): 9
LogDevObjectVersion:   Dev-VR (D7296918-1DD6-4BDD-9DE2-64A83CC13884): 2
LogDevObjectVersion:   Dev-LoadTimes (C2A15278-BFE7-4AFE-6C17-90FF531DF755): 1
LogDevObjectVersion:   Private-Geometry (6EACA3D4-40EC-4CC1-B786-8BED09428FC5): 3
LogDevObjectVersion:   Dev-AnimPhys (29E575DD-E0A3-4627-9D10-D276232CDCEA): 17
LogDevObjectVersion:   Dev-ReflectionCapture (6B266CEC-1EC7-4B8F-A30B-E4D90942FC07): 1
LogDevObjectVersion:   Dev-Automation (0DF73D61-A23F-47EA-B727-89E90C41499A): 1
LogDevObjectVersion:   FortniteMain (601D1886-AC64-4F84-AA16-D3DE0DEAC7D6): 12
LogDevObjectVersion:   Dev-Enterprise (9DFFBCD6-494F-0158-E221-12823C92A888): 1
LogStreaming: Display: Took  0.000s to delete old logs.
LogInit: Presizing for max 8388607 objects, including 0 objects not considered by GC, pre-allocating 0 bytes for permanent pool.
LogInit: Object subsystem initialized
[2018.08.23-08.36.58:199][  0]LogInit: Selected Device Profile: [Windows]
[2018.08.23-08.36.58:200][  0]LogInit: Applying CVar settings loaded from the selected device profile: [Windows]
[2018.08.23-08.36.58:207][  0]LogHAL: Display: Platform has ~ 32 GB [34299854848 / 34359738368 / 32], which maps to Largest [LargestMinGB=32, LargerMinGB=12, DefaultMinGB=8, SmallerMinGB=6, SmallestMinGB=0)
[2018.08.23-08.36.58:207][  0]LogInit: Setting Device Profile CVar: [[r.Vulkan.UseRealUBs:1]]
[2018.08.23-08.36.58:207][  0]LogInit: Going up to parent DeviceProfile []
[2018.08.23-08.36.58:207][  0]LogInit: Computer: THE-ESQUIRE-MAC
[2018.08.23-08.36.58:207][  0]LogInit: User: MarkThompson
[2018.08.23-08.36.58:207][  0]LogInit: CPU Page size=4096, Cores=4
[2018.08.23-08.36.58:207][  0]LogInit: High frequency timer resolution =3.906248 MHz
[2018.08.23-08.36.58:207][  0]LogMemory: Memory total: Physical=31.9GB (32GB approx)
[2018.08.23-08.36.58:207][  0]LogMemory: Platform Memory Stats for Windows
[2018.08.23-08.36.58:207][  0]LogMemory: Process Physical Memory: 100.05 MB used, 100.05 MB peak
[2018.08.23-08.36.58:207][  0]LogMemory: Process Virtual Memory: 91.23 MB used, 91.23 MB peak
[2018.08.23-08.36.58:207][  0]LogMemory: Physical Memory: 8128.36 MB used,  24582.53 MB free, 32710.89 MB total
[2018.08.23-08.36.58:207][  0]LogMemory: Virtual Memory: 4645.18 MB used,  24582.53 MB free, 134217728.00 MB total
[2018.08.23-08.36.58:225][  0]LogInit: Using OS detected language (en-US).
[2018.08.23-08.36.58:225][  0]LogInit: Using OS detected locale (en-AU).
[2018.08.23-08.36.58:227][  0]LogTextLocalizationManager: No specific localization for 'en-US' exists, so the 'en' localization will be used.
[2018.08.23-08.36.58:583][  0]LogStreaming: Display: Took  0.357s to InitEngineTextLocalization.
[2018.08.23-08.36.58:583][  0]LogInit: Setting process to per monitor DPI aware
[2018.08.23-08.36.58:624][  0]LogSlate: New Slate User Created.  User Index 0, Is Virtual User: 0
[2018.08.23-08.36.58:624][  0]LogSlate: Slate User Registered.  User Index 0, Is Virtual User: 0
[2018.08.23-08.36.58:830][  0]LogHMD: Failed to initialize OpenVR with code 126
[2018.08.23-08.36.58:830][  0]LogD3D11RHI: D3D11 adapters:
[2018.08.23-08.36.58:884][  0]LogD3D11RHI:    0. 'NVIDIA GeForce GTX 980' (Feature Level 11_0)
[2018.08.23-08.36.58:884][  0]LogD3D11RHI:       4053/0/16355 MB DedicatedVideo/DedicatedSystem/SharedSystem, Outputs:2, VendorId:0x10de
[2018.08.23-08.36.58:886][  0]LogD3D11RHI:    1. 'Microsoft Basic Render Driver' (Feature Level 11_0)
[2018.08.23-08.36.58:886][  0]LogD3D11RHI:       0/0/16355 MB DedicatedVideo/DedicatedSystem/SharedSystem, Outputs:0, VendorId:0x1414
[2018.08.23-08.36.58:886][  0]LogD3D11RHI: Chosen D3D11 Adapter: 0
[2018.08.23-08.36.58:892][  0]LogD3D11RHI: Creating new Direct3DDevice
[2018.08.23-08.36.58:892][  0]LogD3D11RHI:     GPU DeviceId: 0x13c0 (for the marketing name, search the web for "GPU Device Id")
[2018.08.23-08.36.58:892][  0]LogWindows: EnumDisplayDevices:
[2018.08.23-08.36.58:893][  0]LogWindows:    0. 'NVIDIA GeForce GTX 980' (P:1 D:1)
[2018.08.23-08.36.58:893][  0]LogWindows:    1. 'NVIDIA GeForce GTX 980' (P:0 D:1)
[2018.08.23-08.36.58:893][  0]LogWindows:    2. 'NVIDIA GeForce GTX 980' (P:0 D:0)
[2018.08.23-08.36.58:894][  0]LogWindows:    3. 'NVIDIA GeForce GTX 980' (P:0 D:0)
[2018.08.23-08.36.58:894][  0]LogWindows: DebugString: FoundDriverCount:4 
[2018.08.23-08.36.58:894][  0]LogD3D11RHI:     Adapter Name: NVIDIA GeForce GTX 980
[2018.08.23-08.36.58:894][  0]LogD3D11RHI:   Driver Version: 398.82 (internal:24.21.13.9882, unified:398.82)
[2018.08.23-08.36.58:894][  0]LogD3D11RHI:      Driver Date: 7-30-2018
[2018.08.23-08.36.58:894][  0]LogRHI: Texture pool is 2837 MB (70% of 4053 MB)
[2018.08.23-08.36.58:923][  0]LogD3D11RHI: Async texture creation enabled
[2018.08.23-08.36.58:986][  0]LogD3D11RHI: GPU Timing Frequency: 1000.000000 (Debug: 2 2)
[2018.08.23-08.36.59:038][  0]LogShaderCompilers: Guid format shader working directory is -38 characters bigger than the processId version (../../../../../../Users/Mark Thompson/Desktop/Esquire_VAFG/EngineDevelopment/ThePiratesCode/Intermediate/Shaders/WorkingDirectory/16548/).
[2018.08.23-08.36.59:038][  0]LogShaderCompilers: Cleaned the shader compiler working directory 'C:/Users/Mark Thompson/AppData/Local/Temp/UnrealShaderWorkingDir/DBC86F81497FA83B963783AB041B743A/'.
[2018.08.23-08.36.59:307][  0]LogTemp: Display: Loaded TP AllDesktopTargetPlatform
[2018.08.23-08.36.59:319][  0]LogTemp: Display: Loaded TP MacClientTargetPlatform
[2018.08.23-08.36.59:333][  0]LogTemp: Display: Loaded TP MacNoEditorTargetPlatform
[2018.08.23-08.36.59:344][  0]LogTemp: Display: Loaded TP MacServerTargetPlatform
[2018.08.23-08.36.59:354][  0]LogTemp: Display: Loaded TP MacTargetPlatform
[2018.08.23-08.36.59:368][  0]LogTemp: Display: Loaded TP WindowsClientTargetPlatform
[2018.08.23-08.36.59:382][  0]LogTemp: Display: Loaded TP WindowsNoEditorTargetPlatform
[2018.08.23-08.36.59:395][  0]LogTemp: Display: Loaded TP WindowsServerTargetPlatform
[2018.08.23-08.36.59:401][  0]LogTemp: Display: Loaded TP WindowsTargetPlatform
[2018.08.23-08.36.59:469][  0]LogTemp: Display: Loaded TP AndroidTargetPlatform
[2018.08.23-08.36.59:469][  0]LogTemp: Display: Loaded TP AndroidTargetPlatform
[2018.08.23-08.36.59:469][  0]LogTemp: Display: Loaded TP AndroidTargetPlatform
[2018.08.23-08.36.59:469][  0]LogTemp: Display: Loaded TP AndroidTargetPlatform
[2018.08.23-08.36.59:469][  0]LogTemp: Display: Loaded TP AndroidTargetPlatform
[2018.08.23-08.36.59:469][  0]LogTemp: Display: Loaded TP AndroidTargetPlatform
[2018.08.23-08.36.59:469][  0]LogTemp: Display: Loaded TP AndroidTargetPlatform
[2018.08.23-08.36.59:469][  0]LogTemp: Display: Loaded TP AndroidTargetPlatform
[2018.08.23-08.36.59:469][  0]LogTemp: Display: Loaded TP AndroidTargetPlatform
[2018.08.23-08.36.59:469][  0]LogTemp: Display: Loaded TP AndroidTargetPlatform
[2018.08.23-08.36.59:469][  0]LogTemp: Display: Loaded TP AndroidTargetPlatform
[2018.08.23-08.36.59:469][  0]LogTemp: Display: Loaded TP AndroidTargetPlatform
[2018.08.23-08.36.59:469][  0]LogTemp: Display: Loaded TP AndroidTargetPlatform
[2018.08.23-08.36.59:469][  0]LogTemp: Display: Loaded TP AndroidTargetPlatform
[2018.08.23-08.36.59:469][  0]LogTemp: Display: Loaded TP AndroidTargetPlatform
[2018.08.23-08.36.59:469][  0]LogTemp: Display: Loaded TP AndroidTargetPlatform
[2018.08.23-08.36.59:469][  0]LogTemp: Display: Loaded TP AndroidTargetPlatform
[2018.08.23-08.36.59:469][  0]LogTemp: Display: Loaded TP AndroidTargetPlatform
[2018.08.23-08.36.59:470][  0]LogTemp: Display: Loaded TP HTML5TargetPlatform
[2018.08.23-08.36.59:528][  0]LogTemp: Display: Loaded TP IOSTargetPlatform
[2018.08.23-08.36.59:528][  0]LogTemp: Display: Loaded TP IOSTargetPlatform
[2018.08.23-08.36.59:549][  0]LogTemp: Display: Loaded TP TVOSTargetPlatform
[2018.08.23-08.36.59:549][  0]LogTemp: Display: Loaded TP TVOSTargetPlatform
[2018.08.23-08.36.59:560][  0]LogTemp: Display: Loaded TP LinuxClientTargetPlatform
[2018.08.23-08.36.59:571][  0]LogTemp: Display: Loaded TP LinuxNoEditorTargetPlatform
[2018.08.23-08.36.59:583][  0]LogTemp: Display: Loaded TP LinuxServerTargetPlatform
[2018.08.23-08.36.59:595][  0]LogTemp: Display: Loaded TP LinuxTargetPlatform
[2018.08.23-08.36.59:605][  0]LogTemp: Display: Loaded TP LuminTargetPlatform
[2018.08.23-08.36.59:605][  0]LogTargetPlatformManager: Display: Building Assets For Windows
[2018.08.23-08.36.59:664][  0]LogXGEController: Cannot use XGE Controller as Incredibuild is not installed on this machine.
[2018.08.23-08.36.59:664][  0]LogShaderCompilers: Cannot use XGE Shader Compiler as Incredibuild is not installed on this machine.
[2018.08.23-08.36.59:664][  0]LogShaderCompilers: Display: Using Local Shader Compiler.
[2018.08.23-08.37.00:284][  0]LogDerivedDataCache: Display: Max Cache Size: 512 MB
[2018.08.23-08.37.00:353][  0]LogDerivedDataCache: Loaded boot cache 0.07s 102MB C:/Users/Mark Thompson/AppData/Local/UnrealEngine/4.20/DerivedDataCache/Boot.ddc.
[2018.08.23-08.37.00:354][  0]LogDerivedDataCache: Display: Loaded Boot cache: C:/Users/Mark Thompson/AppData/Local/UnrealEngine/4.20/DerivedDataCache/Boot.ddc
[2018.08.23-08.37.00:354][  0]LogDerivedDataCache: FDerivedDataBackendGraph:  Pak pak cache file ../../../../../../Users/Mark Thompson/Desktop/Esquire_VAFG/EngineDevelopment/ThePiratesCode/DerivedDataCache/DDC.ddp not found, will not use a pak cache.
[2018.08.23-08.37.00:354][  0]LogDerivedDataCache: Unable to find inner node Pak for hierarchical cache Hierarchy.
[2018.08.23-08.37.00:354][  0]LogDerivedDataCache: FDerivedDataBackendGraph:  CompressedPak pak cache file ../../../../../../Users/Mark Thompson/Desktop/Esquire_VAFG/EngineDevelopment/ThePiratesCode/DerivedDataCache/Compressed.ddp not found, will not use a pak cache.
[2018.08.23-08.37.00:354][  0]LogDerivedDataCache: Unable to find inner node CompressedPak for hierarchical cache Hierarchy.
[2018.08.23-08.37.00:365][  0]LogDerivedDataCache: Display: Pak cache opened for reading ../../../Engine/DerivedDataCache/Compressed.ddp.
[2018.08.23-08.37.00:378][  0]LogDerivedDataCache: Using Local data cache path C:/Users/Mark Thompson/AppData/Local/UnrealEngine/Common/DerivedDataCache: Writable
[2018.08.23-08.37.00:378][  0]LogDerivedDataCache: Shared data cache path not found in *engine.ini, will not use an Shared cache.
[2018.08.23-08.37.00:378][  0]LogDerivedDataCache: Unable to find inner node Shared for hierarchical cache Hierarchy.
[2018.08.23-08.37.00:398][  0]LogMaterial: Verifying Global Shaders for PCD3D_SM5
[2018.08.23-08.37.00:399][  0]LogSlate: Using FreeType 2.6.0
[2018.08.23-08.37.00:400][  0]LogSlate: SlateFontServices - WITH_FREETYPE: 1, WITH_HARFBUZZ: 1
[2018.08.23-08.37.00:483][  0]LogAssetRegistry: FAssetRegistry took 0.0278 seconds to start up
[2018.08.23-08.37.00:781][  0]LogInit: Selected Device Profile: [Windows]
[2018.08.23-08.37.00:901][  0]LogSimplygon: Simplygon DLL not present - disabling.
[2018.08.23-08.37.00:904][  0]LogMeshReduction: Using SimplygonSwarm for distributed automatic mesh merging
[2018.08.23-08.37.00:904][  0]LogMeshReduction: Using ProxyLODMeshReduction for automatic mesh merging
[2018.08.23-08.37.00:904][  0]LogMeshReduction: Using QuadricMeshReduction for automatic static mesh reduction
[2018.08.23-08.37.00:904][  0]LogMeshReduction: No automatic skeletal mesh reduction module available
[2018.08.23-08.37.00:920][  0]LogNetVersion: ThePiratesCode 1.0.0, NetCL: 4212847, EngineNetVer: 5, GameNetVer: 0 (Checksum: 418986209)
[2018.08.23-08.37.01:408][  0]LogPackageLocalizationCache: Processed 11 localized package path(s) for 2 prioritized culture(s) in 0.130372 seconds
[2018.08.23-08.37.01:415][  0]LogUObjectArray: 38425 objects as part of root set at end of initial load.
[2018.08.23-08.37.01:415][  0]LogUObjectAllocator: 6690864 out of 0 bytes used by permanent object pool.
[2018.08.23-08.37.01:415][  0]LogUObjectArray: CloseDisregardForGC: 0/0 objects in disregard for GC pool
[2018.08.23-08.37.02:211][  0]LogTcpMessaging: Initializing TcpMessaging bridge
[2018.08.23-08.37.02:238][  0]LogUdpMessaging: Initializing bridge on interface 0.0.0.0:0 to multicast group 230.0.0.1:6666.
[2018.08.23-08.37.02:371][  0]SourceControl: Source control is disabled
[2018.08.23-08.37.02:371][  0]SourceControl: Source control is disabled
[2018.08.23-08.37.02:372][  0]SourceControl: Source control is disabled
[2018.08.23-08.37.02:373][  0]SourceControl: Source control is disabled
[2018.08.23-08.37.02:546][  0]LogAndroidPermission: UAndroidPermissionCallbackProxy::GetInstance
[2018.08.23-08.37.02:620][  0]LogOcInput: OculusInput pre-init called
[2018.08.23-08.37.02:679][  0]LogEngine: Initializing Engine...
[2018.08.23-08.37.02:694][  0]LogHMD: Failed to initialize OpenVR with code 126
[2018.08.23-08.37.02:696][  0]LogStats: UGameplayTagsManager::ConstructGameplayTagTree: ImportINI prefixes -  0.000 s
[2018.08.23-08.37.02:696][  0]LogStats: UGameplayTagsManager::ConstructGameplayTagTree: Construct from data asset -  0.000 s
[2018.08.23-08.37.02:696][  0]LogStats: UGameplayTagsManager::ConstructGameplayTagTree: ImportINI -  0.000 s
[2018.08.23-08.37.02:696][  0]LogStats: UGameplayTagsManager::ConstructGameplayTagTree: GameplayTagTreeChangedEvent.Broadcast -  0.000 s
[2018.08.23-08.37.02:884][  0]LogInit: Initializing FReadOnlyCVARCache
[2018.08.23-08.37.02:900][  0]LogAIModule: Creating AISystem for world Untitled
[2018.08.23-08.37.02:918][  0]LogInit: XAudio2 using 'Speakers (Realtek High Definition Audio)' : 2 channels at 48 kHz using 32 bits per sample (channel mask 0x3)
[2018.08.23-08.37.02:934][  0]LogInit: FAudioDevice initialized.
[2018.08.23-08.37.02:934][  0]LogNetVersion: Set ProjectVersion to 1.0.0.0. Version Checksum will be recalculated on next use.
[2018.08.23-08.37.03:477][  0]LogDerivedDataCache: Saved boot cache 0.54s 98MB C:/Users/Mark Thompson/AppData/Local/UnrealEngine/4.20/DerivedDataCache/Boot.ddc.
[2018.08.23-08.37.03:487][  0]LogInit: Texture streaming: Enabled
[2018.08.23-08.37.03:503][  0]LogEngineSessionManager: EngineSessionManager initialized
[2018.08.23-08.37.03:540][  0]LogInit: Transaction tracking system initialized
[2018.08.23-08.37.03:563][  0]BlueprintLog: New page: Editor Load
[2018.08.23-08.37.03:792][  0]LocalizationService: Localization service is disabled
[2018.08.23-08.37.03:870][  0]LogLinker: Warning: Can't find file '/Game/FirstPersonBP/FirstPersonOverview'
[2018.08.23-08.37.03:870][  0]LogLinker: Warning: Can't find file '/Game/FirstPersonBP/FirstPersonOverview'
[2018.08.23-08.37.03:870][  0]LogUObjectGlobals: Warning: Failed to find object 'Class /Game/FirstPersonBP/FirstPersonOverview.FirstPersonOverview_C'
[2018.08.23-08.37.04:120][  0]LogFileCache: Scanning file cache for directory 'C:/Users/Mark Thompson/Desktop/Esquire_VAFG/EngineDevelopment/ThePiratesCode/Content/' took 0.01s
[2018.08.23-08.37.04:120][  0]LogCook: Display: Max memory allowance for cook 16384mb min free memory 0mb
[2018.08.23-08.37.04:120][  0]LogCook: Display: Mobile HDR setting 1
[2018.08.23-08.37.04:120][  0]LogGameplayTags: Display: UGameplayTagsManager::DoneAddingNativeTags. DelegateIsBound: 0
[2018.08.23-08.37.04:120][  0]LogStats: UGameplayTagsManager::ConstructGameplayTagTree: ImportINI prefixes -  0.000 s
[2018.08.23-08.37.04:120][  0]LogStats: UGameplayTagsManager::ConstructGameplayTagTree: Construct from data asset -  0.000 s
[2018.08.23-08.37.04:120][  0]LogStats: UGameplayTagsManager::ConstructGameplayTagTree: ImportINI -  0.000 s
[2018.08.23-08.37.04:120][  0]LogStats: UGameplayTagsManager::ConstructGameplayTagTree: GameplayTagTreeChangedEvent.Broadcast -  0.000 s
[2018.08.23-08.37.04:247][  0]SourceControl: Source control is disabled
[2018.08.23-08.37.04:247][  0]Cmd: MAP LOAD FILE="../../../Engine/Content/Maps/Templates/Template_Default.umap" TEMPLATE=1 SHOWPROGRESS=1 FEATURELEVEL=3
[2018.08.23-08.37.04:247][  0]LightingResults: New page: Lighting Build
[2018.08.23-08.37.04:249][  0]MapCheck: New page: Map Check
[2018.08.23-08.37.04:250][  0]LightingResults: New page: Lighting Build
[2018.08.23-08.37.04:425][  0]LogAIModule: Creating AISystem for world Untitled_1
[2018.08.23-08.37.04:432][  0]LogEditorServer: Finished looking for orphan Actors (0.000 secs)
[2018.08.23-08.37.04:452][  0]Cmd: MAP CHECKDEP NOCLEARLOG
[2018.08.23-08.37.04:501][  0]MapCheck: Map check complete: 0 Error(s), 0 Warning(s), took 48.284ms to complete.
[2018.08.23-08.37.04:501][  0]LogFileHelpers: Loading map 'Template_Default' took 0.254
[2018.08.23-08.37.06:668][  0]LogSlate: Updating window title bar state: overlay mode, drag disabled, window buttons hidden, title bar hidden
[2018.08.23-08.37.06:721][  0]LogSlate: Updating window title bar state: overlay mode, drag disabled, window buttons hidden, title bar hidden
[2018.08.23-08.37.06:729][  0]LogSlate: Updating window title bar state: overlay mode, drag disabled, window buttons hidden, title bar hidden
[2018.08.23-08.37.06:735][  0]LogSlate: Updating window title bar state: overlay mode, drag disabled, window buttons hidden, title bar hidden
[2018.08.23-08.37.07:075][  0]LogCollectionManager: Loaded 0 collections in 0.002425 seconds
[2018.08.23-08.37.08:355][  0]LogFileCache: Scanning file cache for directory 'C:/Users/Mark Thompson/Desktop/Esquire_VAFG/EngineDevelopment/ThePiratesCode/Saved/Collections/' took 0.01s
[2018.08.23-08.37.08:355][  0]LogFileCache: Scanning file cache for directory 'C:/Users/Mark Thompson/Desktop/Esquire_VAFG/EngineDevelopment/ThePiratesCode/Content/Developers/MarkThompson/Collections/' took 0.01s
[2018.08.23-08.37.08:355][  0]LogFileCache: Scanning file cache for directory 'C:/Users/Mark Thompson/Desktop/Esquire_VAFG/EngineDevelopment/ThePiratesCode/Content/Collections/' took 0.01s
[2018.08.23-08.37.08:355][  0]LogCollectionManager: Rebuilt the GUID cache for 0 collections in 0.000000 seconds
[2018.08.23-08.37.08:651][  0]LogContentBrowser: Native class hierarchy populated in 0.2032 seconds. Added 2572 classes and 603 folders.
[2018.08.23-08.37.08:957][  0]LogContentBrowser: Native class hierarchy updated for 'WidgetCarousel' in 0.0003 seconds. Added 0 classes and 0 folders.
[2018.08.23-08.37.12:336][  0]LogContentBrowser: Native class hierarchy updated for 'AddContentDialog' in 0.0003 seconds. Added 0 classes and 0 folders.
[2018.08.23-08.37.14:118][  0]LogContentBrowser: Native class hierarchy updated for 'WorldBrowser' in 0.0003 seconds. Added 2 classes and 3 folders.
[2018.08.23-08.37.15:567][  0]LogContentBrowser: Native class hierarchy updated for 'SceneOutliner' in 0.0008 seconds. Added 1 classes and 2 folders.
[2018.08.23-08.37.23:124][  0]LogSlate: Took 0.000257 seconds to synchronously load lazily loaded font '../../../Engine/Content/Slate/Fonts/Roboto-Regular.ttf' (155K)
[2018.08.23-08.37.23:145][  0]LogSlate: Took 0.000202 seconds to synchronously load lazily loaded font '../../../Engine/Content/Slate/Fonts/Roboto-Bold.ttf' (160K)
[2018.08.23-08.37.23:336][  0]LogSlate: Took 0.040786 seconds to synchronously load lazily loaded font '../../../Engine/Content/Editor/Slate/Fonts/FontAwesome.ttf' (139K)
[2018.08.23-08.37.23:710][  0]LogRenderer: Reallocating scene render targets to support 1176x620 Format 10 NumSamples 1 (Frame:1).
[2018.08.23-08.37.25:100][  0]LogContentBrowser: Native class hierarchy updated for 'HierarchicalLODOutliner' in 0.0002 seconds. Added 0 classes and 0 folders.
[2018.08.23-08.37.25:100][  0]LogLoad: (Engine Initialization) Total time: 28.45 seconds
[2018.08.23-08.37.25:100][  0]LogLoad: (Engine Initialization) Total Blueprint compile time: 0.00 seconds
[2018.08.23-08.37.25:119][  0]LogWindowsTextInputMethodSystem: Display: IME system now deactivated.
[2018.08.23-08.37.25:187][  0]LogContentStreaming: Texture pool size now 1000 MB
[2018.08.23-08.37.32:266][815]LogAssetRegistry: Asset discovery search completed in 31.8048 seconds
[2018.08.23-08.37.32:267][815]LogCollectionManager: Rebuilt the object cache for 0 collections in 0.000000 seconds (found 0 objects)
[2018.08.23-08.37.32:267][815]LogCollectionManager: Fixed up redirectors for 0 collections in 0.000045 seconds (updated 0 objects)
[2018.08.23-08.39.06:608][353]LogSlate: FSceneViewport::OnFocusLost() reason 0
[2018.08.23-08.39.41:185][792]LogSlate: Took 0.000179 seconds to synchronously load lazily loaded font '../../../Engine/Content/Slate/Fonts/Roboto-Light.ttf' (167K)
[2018.08.23-08.39.52:488][792]LogSlate: Window 'Pick Parent Class' being destroyed
[2018.08.23-08.39.52:508][792]LogSlate: Took 0.000203 seconds to synchronously load lazily loaded font '../../../Engine/Content/Slate/Fonts/Roboto-Light.ttf' (167K)
[2018.08.23-08.41.08:187][561]LogSlate: Window 'Pick Parent Class' being destroyed
[2018.08.23-08.47.25:537][795]LogFileHelpers: Editor autosave (incl. sublevels) for '/Temp/Untitled_1' took 0.029
[2018.08.23-08.47.25:540][795]OBJ SavePackage: Generating thumbnails for [0] asset(s) in package [/Game/Blueprints/Pirate_GameInstance] ([1] browsable assets)...
[2018.08.23-08.47.25:540][795]OBJ SavePackage: Finished generating thumbnails for package [/Game/Blueprints/Pirate_GameInstance]
[2018.08.23-08.47.25:584][795]LogSavePackage: Moving '../../../../../../Users/Mark Thompson/Desktop/Esquire_VAFG/EngineDevelopment/ThePiratesCode/Saved/Pirate_GameInstance_Auto1AD7F82164A2F822B3395A287022608B4.tmp' to '../../../../../../Users/Mark Thompson/Desktop/Esquire_VAFG/EngineDevelopment/ThePiratesCode/Saved/Autosaves/Game/Blueprints/Pirate_GameInstance_Auto1.uasset'
[2018.08.23-08.47.25:606][795]LogFileHelpers: Auto-saving content packages took 0.068
[2018.08.23-08.56.32:550][821]LogSlate: Window 'Pick Parent Class' being destroyed
[2018.08.23-08.56.37:259][245]LogSlate: Window 'Delete Assets' being destroyed
[2018.08.23-08.56.54:531][125]LogSlate: Window 'Pick Parent Class' being destroyed
[2018.08.23-09.03.44:033][203]LogSlate: Window 'Source Control Login' being destroyed
[2018.08.23-09.03.47:602][619]SourceControl: fatal: C:/Program Files/Epic Games/UE_4.20/Engine/Content: 'C:/Program Files/Epic Games/UE_4.20/Engine/Content' is outside repository
[2018.08.23-09.03.47:696][619]LogPackageName: Error: Illegal call to DoesPackageExist: '../../../../../../Users/Mark Thompson/Desktop/Esquire_VAFG/EngineDevelopment/ThePiratesCode/ThePiratesCode.uproject' is not a standard unreal filename or a long path name. Reason: Path should be no less than 4 characters long.
[2018.08.23-09.03.48:952][619]LogStats: FPlatformStackWalk::StackWalkAndDump -  1.256 s
[2018.08.23-09.03.48:952][619]LogOutputDevice: Error: === Handled ensure: ===
[2018.08.23-09.03.48:953][619]LogOutputDevice: Error: 
[2018.08.23-09.03.48:953][619]LogOutputDevice: Error: Ensure condition failed: false [File:D:\Build\++UE4\Sync\Engine\Source\Runtime\CoreUObject\Private\Misc\PackageName.cpp] [Line: 822]
[2018.08.23-09.03.48:953][619]LogOutputDevice: Error: Illegal call to DoesPackageExist: '../../../../../../Users/Mark Thompson/Desktop/Esquire_VAFG/EngineDevelopment/ThePiratesCode/ThePiratesCode.uproject' is not a standard unreal filename or a long path name. Reason: Path should be no less than 4 characters long.
[2018.08.23-09.03.48:953][619]LogOutputDevice: Error: Stack: 
[2018.08.23-09.03.48:953][619]LogOutputDevice: Error: [Callstack] 0x00007fffeee371e6 UE4Editor-Core.dll!UnknownFunction []
[2018.08.23-09.03.48:953][619]LogOutputDevice: Error: [Callstack] 0x00007fffeeb70c82 UE4Editor-Core.dll!UnknownFunction []
[2018.08.23-09.03.48:953][619]LogOutputDevice: Error: [Callstack] 0x00007fffeeb8b346 UE4Editor-Core.dll!UnknownFunction []
[2018.08.23-09.03.48:953][619]LogOutputDevice: Error: [Callstack] 0x00007fffee364857 UE4Editor-CoreUObject.dll!UnknownFunction []
[2018.08.23-09.03.48:953][619]LogOutputDevice: Error: [Callstack] 0x00007fffdcd481a5 UE4Editor-SourceControl.dll!UnknownFunction []
[2018.08.23-09.03.48:953][619]LogOutputDevice: Error: [Callstack] 0x00007fffdcd48339 UE4Editor-SourceControl.dll!UnknownFunction []
[2018.08.23-09.03.48:953][619]LogOutputDevice: Error: [Callstack] 0x00007fffce3d4e8d UE4Editor-SourceControlWindows.dll!UnknownFunction []
[2018.08.23-09.03.48:953][619]LogOutputDevice: Error: [Callstack] 0x00007fffce38804e UE4Editor-SourceControlWindows.dll!UnknownFunction []
[2018.08.23-09.03.48:953][619]LogOutputDevice: Error: [Callstack] 0x00007fffce3875df UE4Editor-SourceControlWindows.dll!UnknownFunction []
[2018.08.23-09.03.48:953][619]LogOutputDevice: Error: [Callstack] 0x00007fffce3a1f71 UE4Editor-SourceControlWindows.dll!UnknownFunction []
[2018.08.23-09.03.48:953][619]LogOutputDevice: Error: [Callstack] 0x00007fffc486f32c UE4Editor-GitSourceControl.dll!UnknownFunction []
[2018.08.23-09.03.48:953][619]LogOutputDevice: Error: [Callstack] 0x00007fffc4874e51 UE4Editor-GitSourceControl.dll!UnknownFunction []
[2018.08.23-09.03.48:953][619]LogOutputDevice: Error: [Callstack] 0x00007fffdcd4e737 UE4Editor-SourceControl.dll!UnknownFunction []
[2018.08.23-09.03.48:953][619]LogOutputDevice: Error: [Callstack] 0x00007fffe3387aee UE4Editor-UnrealEd.dll!UnknownFunction []
[2018.08.23-09.03.48:953][619]LogOutputDevice: Error: [Callstack] 0x00007fffe3c7f646 UE4Editor-UnrealEd.dll!UnknownFunction []
[2018.08.23-09.03.48:953][619]LogOutputDevice: Error: [Callstack] 0x00007ff72e2e5cbd UE4Editor.exe!UnknownFunction []
[2018.08.23-09.03.48:953][619]LogOutputDevice: Error: [Callstack] 0x00007ff72e2f5b3c UE4Editor.exe!UnknownFunction []
[2018.08.23-09.03.48:953][619]LogOutputDevice: Error: [Callstack] 0x00007ff72e2f5bba UE4Editor.exe!UnknownFunction []
[2018.08.23-09.03.48:953][619]LogOutputDevice: Error: [Callstack] 0x00007ff72e303dac UE4Editor.exe!UnknownFunction []
[2018.08.23-09.03.48:953][619]LogOutputDevice: Error: [Callstack] 0x00007ff72e305aaa UE4Editor.exe!UnknownFunction []
[2018.08.23-09.03.48:953][619]LogOutputDevice: Error: [Callstack] 0x00007ff831bb3034 KERNEL32.DLL!UnknownFunction []
[2018.08.23-09.03.48:953][619]LogOutputDevice: Error: [Callstack] 0x00007ff8326f1431 ntdll.dll!UnknownFunction []
[2018.08.23-09.03.48:953][619]LogOutputDevice: Error: 
[2018.08.23-09.03.48:963][619]LogStats:                SubmitErrorReport -  0.000 s
[2018.08.23-09.03.49:840][619]LogStats:                    SendNewReport -  0.877 s
[2018.08.23-09.03.49:840][619]LogStats:             FDebug::EnsureFailed -  2.143 s
[2018.08.23-09.08.25:674][619]LogSlate: Window 'Submit Files' being destroyed
[2018.08.23-09.08.25:912][619]LogSourceControl: commit successful: [master c75c7ad] project upload
[2018.08.23-09.08.25:956][619]SourceControl: [master c75c7ad] project upload
[2018.08.23-09.08.25:956][619]SourceControl:  1 file changed, 6 insertions(+)
[2018.08.23-09.08.25:956][619]SourceControl:  create mode 100644 EngineDevelopment/ThePiratesCode/ThePiratesCode.uproject
[2018.08.23-09.08.25:972][619]SourceControl: Commited [master c75c7ad] project upload.
[2018.08.23-09.08.33:080][418]LogSavePackage: Moving '../../../../../../Users/Mark Thompson/Desktop/Esquire_VAFG/EngineDevelopment/ThePiratesCode/Saved/Pirate_GameInstanceC13087E14E070AE6EB75958EA70EAB87.tmp' to '../../../../../../Users/Mark Thompson/Desktop/Esquire_VAFG/EngineDevelopment/ThePiratesCode/Content/Blueprints/Pirate_GameInstance.uasset'
[2018.08.23-09.08.51:333][191]LogSlate: Window 'Submit Files' being destroyed
[2018.08.23-09.08.51:500][191]LogSourceControl: commit successful: [master 63be007] Instance added
[2018.08.23-09.08.51:544][191]SourceControl: [master 63be007] Instance added
[2018.08.23-09.08.51:544][191]SourceControl:  1 file changed, 0 insertions(+), 0 deletions(-)
[2018.08.23-09.08.51:544][191]SourceControl:  create mode 100644 EngineDevelopment/ThePiratesCode/Content/Blueprints/Pirate_GameInstance.uasset
[2018.08.23-09.08.51:555][191]SourceControl: Commited [master 63be007] Instance added.
[2018.08.23-09.09.27:190][454]LogSlate: Window 'Message Log' being destroyed
[2018.08.23-09.09.27:198][454]LogSlate: Window 'Message Log' being destroyed
[2018.08.23-09.09.48:465][892]LogMetaData: Removing '/Game/Blueprints/AllLevels/Pirate_GameInstance.SKEL_Pirate_GameInstance_C' ref from Metadata '/Game/Blueprints/Pirate_GameInstance.PackageMetaData'
[2018.08.23-09.09.48:465][892]LogMetaData: Removing '/Game/Blueprints/AllLevels/Pirate_GameInstance.Pirate_GameInstance_C' ref from Metadata '/Game/Blueprints/Pirate_GameInstance.PackageMetaData'
[2018.08.23-09.09.48:490][892]LogSavePackage: Moving '../../../../../../Users/Mark Thompson/Desktop/Esquire_VAFG/EngineDevelopment/ThePiratesCode/Saved/Pirate_GameInstance5E955F99475146D31E65F896EBCC4EE9.tmp' to '../../../../../../Users/Mark Thompson/Desktop/Esquire_VAFG/EngineDevelopment/ThePiratesCode/Content/Blueprints/AllLevels/Pirate_GameInstance.uasset'
[2018.08.23-09.09.48:639][892]LogSavePackage: Moving '../../../../../../Users/Mark Thompson/Desktop/Esquire_VAFG/EngineDevelopment/ThePiratesCode/Saved/Pirate_GameInstance8719E40340E5251E8C087FAB87739646.tmp' to '../../../../../../Users/Mark Thompson/Desktop/Esquire_VAFG/EngineDevelopment/ThePiratesCode/Content/Blueprints/Pirate_GameInstance.uasset'
[2018.08.23-09.10.50:710][671]LogAssetEditorManager: Opening Asset editor for UserDefinedStruct /Game/Blueprints/AllLevels/PlayerInformationSaveDataStructure.PlayerInformationSaveDataStructure
[2018.08.23-09.10.52:412][830]LogSlate: Window 'PlayerInformationSaveDataStructure*' being destroyed
[2018.08.23-09.10.52:420][830]LogSlate: Window 'PlayerInformationSaveDataStructure*' being destroyed
[2018.08.23-09.11.00:464][721]LogMetaData: Removing '/Game/Blueprints/AllLevels/PlayerInformationStructure.PlayerInformationStructure' ref from Metadata '/Game/Blueprints/AllLevels/PlayerInformationSaveDataStructure.PackageMetaData'
[2018.08.23-09.11.00:464][721]LogMetaData: Removing '/Game/Blueprints/AllLevels/PlayerInformationStructure.PlayerInformationStructure:MemberVar_0_83D37EBC4F93C4B1F8381082E87BE899' ref from Metadata '/Game/Blueprints/AllLevels/PlayerInformationSaveDataStructure.PackageMetaData'
[2018.08.23-09.11.00:488][721]LogSavePackage: Moving '../../../../../../Users/Mark Thompson/Desktop/Esquire_VAFG/EngineDevelopment/ThePiratesCode/Saved/PlayerInformationStructureBE1AAD5E4B90B9FA24AC81989D48A3A4.tmp' to '../../../../../../Users/Mark Thompson/Desktop/Esquire_VAFG/EngineDevelopment/ThePiratesCode/Content/Blueprints/AllLevels/PlayerInformationStructure.uasset'
[2018.08.23-09.11.06:288][358]LogAssetEditorManager: Opening Asset editor for UserDefinedStruct /Game/Blueprints/AllLevels/PlayerInformationStructure.PlayerInformationStructure
[2018.08.23-09.11.07:348][480]LogSlate: Window 'PlayerInformationStructure' being destroyed
[2018.08.23-09.11.07:355][480]LogSlate: Window 'PlayerInformationStructure' being destroyed
[2018.08.23-09.11.14:256][255]LogMetaData: Removing '/Game/Blueprints/AllLevels/SavedPlayerInformationStructure.SavedPlayerInformationStructure' ref from Metadata '/Game/Blueprints/AllLevels/PlayerInformationStructure.PackageMetaData'
[2018.08.23-09.11.14:256][255]LogMetaData: Removing '/Game/Blueprints/AllLevels/SavedPlayerInformationStructure.SavedPlayerInformationStructure:MemberVar_0_83D37EBC4F93C4B1F8381082E87BE899' ref from Metadata '/Game/Blueprints/AllLevels/PlayerInformationStructure.PackageMetaData'
[2018.08.23-09.11.14:282][255]LogSavePackage: Moving '../../../../../../Users/Mark Thompson/Desktop/Esquire_VAFG/EngineDevelopment/ThePiratesCode/Saved/SavedPlayerInformationStructure1B9949E34967432548C986BFE31DF29C.tmp' to '../../../../../../Users/Mark Thompson/Desktop/Esquire_VAFG/EngineDevelopment/ThePiratesCode/Content/Blueprints/AllLevels/SavedPlayerInformationStructure.uasset'
[2018.08.23-09.11.14:856][255]SourceControl: rm 'EngineDevelopment/ThePiratesCode/Content/Blueprints/AllLevels/PlayerInformationStructure.uasset'
[2018.08.23-09.11.41:627][903]LogSlate: Window 'Pick Parent Class' being destroyed
[2018.08.23-09.12.21:260][562]LogMetaData: Removing '/Game/Blueprints/AllLevels/PlayerSaveGame_BP.SKEL_PlayerSaveGame_BP_C' ref from Metadata '/Game/Blueprints/AllLevels/PlayerSaveGameData.PackageMetaData'
[2018.08.23-09.12.21:260][562]LogMetaData: Removing '/Game/Blueprints/AllLevels/PlayerSaveGame_BP.PlayerSaveGame_BP_C' ref from Metadata '/Game/Blueprints/AllLevels/PlayerSaveGameData.PackageMetaData'
[2018.08.23-09.12.21:285][562]LogSavePackage: Moving '../../../../../../Users/Mark Thompson/Desktop/Esquire_VAFG/EngineDevelopment/ThePiratesCode/Saved/PlayerSaveGame_BP4CDC129242DE6F6E35D4B7A46C506739.tmp' to '../../../../../../Users/Mark Thompson/Desktop/Esquire_VAFG/EngineDevelopment/ThePiratesCode/Content/Blueprints/AllLevels/PlayerSaveGame_BP.uasset'
[2018.08.23-09.13.05:160][984]LogSlate: Window 'Pick Parent Class' being destroyed
[2018.08.23-09.14.18:501][ 29]LogSlate: Window 'Pick Parent Class' being destroyed
[2018.08.23-09.14.47:209][506]LogSlate: Window 'Pick Parent Class' being destroyed
[2018.08.23-09.15.39:356][683]LogSavePackage: Moving '../../../../../../Users/Mark Thompson/Desktop/Esquire_VAFG/EngineDevelopment/ThePiratesCode/Saved/Pirate_GameplayGameModeF1FBC68B47529C99E126BDBBD878DD0E.tmp' to '../../../../../../Users/Mark Thompson/Desktop/Esquire_VAFG/EngineDevelopment/ThePiratesCode/Content/Blueprints/Lobby/Pirate_GameplayGameMode.uasset'
[2018.08.23-09.15.39:477][683]LogSavePackage: Moving '../../../../../../Users/Mark Thompson/Desktop/Esquire_VAFG/EngineDevelopment/ThePiratesCode/Saved/Pirate_GameplayPlayerController8FE91542417588F2876C169FC19096F5.tmp' to '../../../../../../Users/Mark Thompson/Desktop/Esquire_VAFG/EngineDevelopment/ThePiratesCode/Content/Blueprints/Lobby/Pirate_GameplayPlayerController.uasset'
[2018.08.23-09.15.56:607][626]LogMetaData: Removing '/Game/Blueprints/Lobby/Pirate_LobbyGameMode.SKEL_Pirate_LobbyGameMode_C' ref from Metadata '/Game/Blueprints/Lobby/Pirate_GameplayGameMode.PackageMetaData'
[2018.08.23-09.15.56:607][626]LogMetaData: Removing '/Game/Blueprints/Lobby/Pirate_LobbyGameMode.Pirate_LobbyGameMode_C' ref from Metadata '/Game/Blueprints/Lobby/Pirate_GameplayGameMode.PackageMetaData'
[2018.08.23-09.15.56:639][626]LogSavePackage: Moving '../../../../../../Users/Mark Thompson/Desktop/Esquire_VAFG/EngineDevelopment/ThePiratesCode/Saved/Pirate_LobbyGameModeB10E7E674C820331C39CF5A33362C075.tmp' to '../../../../../../Users/Mark Thompson/Desktop/Esquire_VAFG/EngineDevelopment/ThePiratesCode/Content/Blueprints/Lobby/Pirate_LobbyGameMode.uasset'
[2018.08.23-09.15.57:160][626]SourceControl: rm 'EngineDevelopment/ThePiratesCode/Content/Blueprints/Lobby/Pirate_GameplayGameMode.uasset'
[2018.08.23-09.16.10:928][207]LogMetaData: Removing '/Game/Blueprints/Lobby/Pirate_LobbyPlayerController.SKEL_Pirate_LobbyPlayerController_C' ref from Metadata '/Game/Blueprints/Lobby/Pirate_GameplayPlayerController.PackageMetaData'
[2018.08.23-09.16.10:928][207]LogMetaData: Removing '/Game/Blueprints/Lobby/Pirate_LobbyPlayerController.Pirate_LobbyPlayerController_C' ref from Metadata '/Game/Blueprints/Lobby/Pirate_GameplayPlayerController.PackageMetaData'
[2018.08.23-09.16.10:960][207]LogSavePackage: Moving '../../../../../../Users/Mark Thompson/Desktop/Esquire_VAFG/EngineDevelopment/ThePiratesCode/Saved/Pirate_LobbyPlayerController0E4A543A404C709421958D99145AA69C.tmp' to '../../../../../../Users/Mark Thompson/Desktop/Esquire_VAFG/EngineDevelopment/ThePiratesCode/Content/Blueprints/Lobby/Pirate_LobbyPlayerController.uasset'
[2018.08.23-09.16.11:483][207]SourceControl: rm 'EngineDevelopment/ThePiratesCode/Content/Blueprints/Lobby/Pirate_GameplayPlayerController.uasset'
[2018.08.23-09.17.05:958][  4]LogMetaData: Removing '/Game/Blueprints/Multiplayer/Lobby/Pirate_LobbyPlayerController.Pirate_LobbyPlayerController_C' ref from Metadata '/Game/Blueprints/Lobby/Pirate_LobbyPlayerController.PackageMetaData'
[2018.08.23-09.17.05:958][  4]LogMetaData: Removing '/Game/Blueprints/Multiplayer/Lobby/Pirate_LobbyPlayerController.SKEL_Pirate_LobbyPlayerController_C' ref from Metadata '/Game/Blueprints/Lobby/Pirate_LobbyPlayerController.PackageMetaData'
[2018.08.23-09.17.05:958][  4]LogMetaData: Removing '/Game/Blueprints/Multiplayer/Lobby/Pirate_LobbyPlayerController.SKEL_Pirate_LobbyPlayerController_C:ReceiveBeginPlay' ref from Metadata '/Game/Blueprints/Lobby/Pirate_LobbyPlayerController.PackageMetaData'
[2018.08.23-09.17.05:958][  4]LogMetaData: Removing '/Game/Blueprints/Multiplayer/Lobby/Pirate_LobbyPlayerController.SKEL_Pirate_LobbyPlayerController_C:ReceiveTick' ref from Metadata '/Game/Blueprints/Lobby/Pirate_LobbyPlayerController.PackageMetaData'
[2018.08.23-09.17.05:958][  4]LogMetaData: Removing '/Game/Blueprints/Multiplayer/Lobby/Pirate_LobbyPlayerController.SKEL_Pirate_LobbyPlayerController_C:UserConstructionScript' ref from Metadata '/Game/Blueprints/Lobby/Pirate_LobbyPlayerController.PackageMetaData'
[2018.08.23-09.17.05:965][  4]LogMetaData: Removing '/Game/Blueprints/Multiplayer/Lobby/Pirate_LobbyGameMode.Pirate_LobbyGameMode_C' ref from Metadata '/Game/Blueprints/Lobby/Pirate_LobbyGameMode.PackageMetaData'
[2018.08.23-09.17.05:965][  4]LogMetaData: Removing '/Game/Blueprints/Multiplayer/Lobby/Pirate_LobbyGameMode.SKEL_Pirate_LobbyGameMode_C' ref from Metadata '/Game/Blueprints/Lobby/Pirate_LobbyGameMode.PackageMetaData'
[2018.08.23-09.17.05:965][  4]LogMetaData: Removing '/Game/Blueprints/Multiplayer/Lobby/Pirate_LobbyGameMode.SKEL_Pirate_LobbyGameMode_C:ReceiveBeginPlay' ref from Metadata '/Game/Blueprints/Lobby/Pirate_LobbyGameMode.PackageMetaData'
[2018.08.23-09.17.05:965][  4]LogMetaData: Removing '/Game/Blueprints/Multiplayer/Lobby/Pirate_LobbyGameMode.SKEL_Pirate_LobbyGameMode_C:ReceiveTick' ref from Metadata '/Game/Blueprints/Lobby/Pirate_LobbyGameMode.PackageMetaData'
[2018.08.23-09.17.05:965][  4]LogMetaData: Removing '/Game/Blueprints/Multiplayer/Lobby/Pirate_LobbyGameMode.SKEL_Pirate_LobbyGameMode_C:DefaultSceneRoot' ref from Metadata '/Game/Blueprints/Lobby/Pirate_LobbyGameMode.PackageMetaData'
[2018.08.23-09.17.05:965][  4]LogMetaData: Removing '/Game/Blueprints/Multiplayer/Lobby/Pirate_LobbyGameMode.SKEL_Pirate_LobbyGameMode_C:UserConstructionScript' ref from Metadata '/Game/Blueprints/Lobby/Pirate_LobbyGameMode.PackageMetaData'
[2018.08.23-09.17.05:965][  4]LogMetaData: Removing '/Game/Blueprints/Multiplayer/Lobby/Pirate_LobbyGameMode.Pirate_LobbyGameMode_C:DefaultSceneRoot' ref from Metadata '/Game/Blueprints/Lobby/Pirate_LobbyGameMode.PackageMetaData'
[2018.08.23-09.17.05:997][  4]LogSavePackage: Moving '../../../../../../Users/Mark Thompson/Desktop/Esquire_VAFG/EngineDevelopment/ThePiratesCode/Saved/Pirate_LobbyPlayerController8DCCB24942BEAC6C444A8EB7D85290EE.tmp' to '../../../../../../Users/Mark Thompson/Desktop/Esquire_VAFG/EngineDevelopment/ThePiratesCode/Content/Blueprints/Multiplayer/Lobby/Pirate_LobbyPlayerController.uasset'
[2018.08.23-09.17.06:119][  4]LogSavePackage: Moving '../../../../../../Users/Mark Thompson/Desktop/Esquire_VAFG/EngineDevelopment/ThePiratesCode/Saved/Pirate_LobbyGameModeFDC528A2469F3800F1CF9499583C98A7.tmp' to '../../../../../../Users/Mark Thompson/Desktop/Esquire_VAFG/EngineDevelopment/ThePiratesCode/Content/Blueprints/Multiplayer/Lobby/Pirate_LobbyGameMode.uasset'
[2018.08.23-09.17.06:854][  4]SourceControl: rm 'EngineDevelopment/ThePiratesCode/Content/Blueprints/Lobby/Pirate_LobbyGameMode.uasset'
[2018.08.23-09.17.06:854][  4]SourceControl: rm 'EngineDevelopment/ThePiratesCode/Content/Blueprints/Lobby/Pirate_LobbyPlayerController.uasset'
[2018.08.23-09.17.31:009][855]LogSavePackage: Moving '../../../../../../Users/Mark Thompson/Desktop/Esquire_VAFG/EngineDevelopment/ThePiratesCode/Saved/Pirate_GameplayGameMode9AA17C1542E2853E2752A89A657B894D.tmp' to '../../../../../../Users/Mark Thompson/Desktop/Esquire_VAFG/EngineDevelopment/ThePiratesCode/Content/Blueprints/Multiplayer/OnlineGameplay/Pirate_GameplayGameMode.uasset'
[2018.08.23-09.17.31:142][855]LogSavePackage: Moving '../../../../../../Users/Mark Thompson/Desktop/Esquire_VAFG/EngineDevelopment/ThePiratesCode/Saved/Pirate_GameplayPlayerControllerE29FE29F46F961620E579DAAF6A12349.tmp' to '../../../../../../Users/Mark Thompson/Desktop/Esquire_VAFG/EngineDevelopment/ThePiratesCode/Content/Blueprints/Multiplayer/OnlineGameplay/Pirate_GameplayPlayerController.uasset'
[2018.08.23-09.17.37:257][529]LogAssetEditorManager: Opening Asset editor for Blueprint /Game/Blueprints/Multiplayer/OnlineGameplay/Pirate_GameplayGameMode.Pirate_GameplayGameMode
[2018.08.23-09.17.37:976][529]LogContentBrowser: Native class hierarchy updated for 'BlueprintGraph' in 0.0009 seconds. Added 116 classes and 0 folders.
[2018.08.23-09.17.39:829][613]LogSlate: Window 'Pirate_GameplayGameMode' being destroyed
[2018.08.23-09.17.39:838][613]LogSlate: Window 'Pirate_GameplayGameMode' being destroyed
[2018.08.23-09.17.50:770][834]LogMetaData: Removing '/Game/Blueprints/Multiplayer/OnlineGameplay/Pirate_OnlineGameMode.SKEL_Pirate_OnlineGameMode_C' ref from Metadata '/Game/Blueprints/Multiplayer/OnlineGameplay/Pirate_GameplayGameMode.PackageMetaData'
[2018.08.23-09.17.50:770][834]LogMetaData: Removing '/Game/Blueprints/Multiplayer/OnlineGameplay/Pirate_OnlineGameMode.Pirate_OnlineGameMode_C' ref from Metadata '/Game/Blueprints/Multiplayer/OnlineGameplay/Pirate_GameplayGameMode.PackageMetaData'
[2018.08.23-09.17.50:801][834]LogSavePackage: Moving '../../../../../../Users/Mark Thompson/Desktop/Esquire_VAFG/EngineDevelopment/ThePiratesCode/Saved/Pirate_OnlineGameModeF23DABCF4D3BD2CAEB2232939EC6D3E4.tmp' to '../../../../../../Users/Mark Thompson/Desktop/Esquire_VAFG/EngineDevelopment/ThePiratesCode/Content/Blueprints/Multiplayer/OnlineGameplay/Pirate_OnlineGameMode.uasset'
[2018.08.23-09.17.51:378][834]SourceControl: rm 'EngineDevelopment/ThePiratesCode/Content/Blueprints/Multiplayer/OnlineGameplay/Pirate_GameplayGameMode.uasset'
[2018.08.23-09.18.04:094][281]LogMetaData: Removing '/Game/Blueprints/Multiplayer/OnlineGameplay/Pirate_OnlinePlayerController.SKEL_Pirate_OnlinePlayerController_C' ref from Metadata '/Game/Blueprints/Multiplayer/OnlineGameplay/Pirate_GameplayPlayerController.PackageMetaData'
[2018.08.23-09.18.04:094][281]LogMetaData: Removing '/Game/Blueprints/Multiplayer/OnlineGameplay/Pirate_OnlinePlayerController.Pirate_OnlinePlayerController_C' ref from Metadata '/Game/Blueprints/Multiplayer/OnlineGameplay/Pirate_GameplayPlayerController.PackageMetaData'
[2018.08.23-09.18.04:125][281]LogSavePackage: Moving '../../../../../../Users/Mark Thompson/Desktop/Esquire_VAFG/EngineDevelopment/ThePiratesCode/Saved/Pirate_OnlinePlayerController615212924766A7050C2A0FBB01D8EC39.tmp' to '../../../../../../Users/Mark Thompson/Desktop/Esquire_VAFG/EngineDevelopment/ThePiratesCode/Content/Blueprints/Multiplayer/OnlineGameplay/Pirate_OnlinePlayerController.uasset'
[2018.08.23-09.18.04:726][281]SourceControl: rm 'EngineDevelopment/ThePiratesCode/Content/Blueprints/Multiplayer/OnlineGameplay/Pirate_GameplayPlayerController.uasset'
[2018.08.23-09.18.52:799][268]LogFileHelpers: Editor autosave (incl. sublevels) for '/Temp/Untitled_1' took 0.021
[2018.08.23-09.18.52:803][268]OBJ SavePackage: Generating thumbnails for [0] asset(s) in package [/Game/Blueprints/Characters/Pirate_BaseCaptain] ([1] browsable assets)...
[2018.08.23-09.18.52:803][268]OBJ SavePackage: Finished generating thumbnails for package [/Game/Blueprints/Characters/Pirate_BaseCaptain]
[2018.08.23-09.18.52:815][268]LogSavePackage: Moving '../../../../../../Users/Mark Thompson/Desktop/Esquire_VAFG/EngineDevelopment/ThePiratesCode/Saved/Pirate_BaseCaptain_Auto2E6058E8C4B316B06CB28C89710C53031.tmp' to '../../../../../../Users/Mark Thompson/Desktop/Esquire_VAFG/EngineDevelopment/ThePiratesCode/Saved/Autosaves/Game/Blueprints/Characters/Pirate_BaseCaptain_Auto2.uasset'
[2018.08.23-09.18.52:837][268]OBJ SavePackage: Generating thumbnails for [0] asset(s) in package [/Game/Blueprints/Gameplay/Pirate_GameplayGameMode] ([1] browsable assets)...
[2018.08.23-09.18.52:837][268]OBJ SavePackage: Finished generating thumbnails for package [/Game/Blueprints/Gameplay/Pirate_GameplayGameMode]
[2018.08.23-09.18.52:844][268]LogSavePackage: Moving '../../../../../../Users/Mark Thompson/Desktop/Esquire_VAFG/EngineDevelopment/ThePiratesCode/Saved/Pirate_GameplayGameMode_Auto224FEB97D4AE7564CF83EF29D9C385891.tmp' to '../../../../../../Users/Mark Thompson/Desktop/Esquire_VAFG/EngineDevelopment/ThePiratesCode/Saved/Autosaves/Game/Blueprints/Gameplay/Pirate_GameplayGameMode_Auto2.uasset'
[2018.08.23-09.18.52:848][268]OBJ SavePackage: Generating thumbnails for [0] asset(s) in package [/Game/Blueprints/Gameplay/Pirate_GameplayPlayerController] ([1] browsable assets)...
[2018.08.23-09.18.52:849][268]OBJ SavePackage: Finished generating thumbnails for package [/Game/Blueprints/Gameplay/Pirate_GameplayPlayerController]
[2018.08.23-09.18.52:856][268]LogSavePackage: Moving '../../../../../../Users/Mark Thompson/Desktop/Esquire_VAFG/EngineDevelopment/ThePiratesCode/Saved/Pirate_GameplayPlayerController_6620AB8F4F8D96EF60142CB03D33FEE6.tmp' to '../../../../../../Users/Mark Thompson/Desktop/Esquire_VAFG/EngineDevelopment/ThePiratesCode/Saved/Autosaves/Game/Blueprints/Gameplay/Pirate_GameplayPlayerController_Auto2.uasset'
[2018.08.23-09.18.52:859][268]LogFileHelpers: Auto-saving content packages took 0.058
[2018.08.23-09.21.20:227][863]LogTemp: Executing iPhonePackager certificates Engine -bundlename com.YourCompany.ThePiratesCode
[2018.08.23-09.21.20:227][863]LogTemp: CWD: C:\Program Files\Epic Games\UE_4.20\Engine\Binaries\DotNET\IOS
[2018.08.23-09.21.20:227][863]LogTemp: Initial Dir: C:\Program Files\Epic Games\UE_4.20
[2018.08.23-09.21.20:227][863]LogTemp: Env CWD: C:\Program Files\Epic Games\UE_4.20\Engine\Binaries\DotNET\IOS
[2018.08.23-09.21.20:227][863]LogSlate: Only BGRA pngs, bmps or icos are supported in by External Image Picker
[2018.08.23-09.21.20:324][864]LogTemp: BranchPath = THE-ESQUIRE-MAC/C/Program Files/Epic Games/UE_4.20/Engine/Binaries --- GameBranchPath = THE-ESQUIRE-MAC/C/Program Files/Epic Games/UE_4.20/Engine/Binaries
[2018.08.23-09.21.20:324][864]LogTemp: IPP ERROR: Could not find provision directory 'C:\Users\Mark Thompson\AppData\Local/Apple Computer/MobileDevice/Provisioning Profiles/'.
[2018.08.23-09.21.41:785][361]LogSlate: Window 'Project Settings' being destroyed
[2018.08.23-09.21.41:793][361]LogSlate: Window 'Project Settings' being destroyed
[2018.08.23-09.34.29:700][429]LogSavePackage: Moving '../../../../../../Users/Mark Thompson/Desktop/Esquire_VAFG/EngineDevelopment/ThePiratesCode/Saved/Pirate_LobbyPlayerController03A677624815D2DB037FA49DE98157EC.tmp' to '../../../../../../Users/Mark Thompson/Desktop/Esquire_VAFG/EngineDevelopment/ThePiratesCode/Content/Blueprints/Starting/Pirate_LobbyPlayerController.uasset'
[2018.08.23-09.34.29:841][429]LogSavePackage: Moving '../../../../../../Users/Mark Thompson/Desktop/Esquire_VAFG/EngineDevelopment/ThePiratesCode/Saved/Pirate_LobbyGameMode8000277047699739FE642ABCC5DF1DC4.tmp' to '../../../../../../Users/Mark Thompson/Desktop/Esquire_VAFG/EngineDevelopment/ThePiratesCode/Content/Blueprints/Starting/Pirate_LobbyGameMode.uasset'
[2018.08.23-09.34.32:778][696]LogAssetEditorManager: Opening Asset editor for Blueprint /Game/Blueprints/Starting/Pirate_LobbyPlayerController.Pirate_LobbyPlayerController
[2018.08.23-09.34.34:019][812]LogSlate: Window 'Pirate_LobbyPlayerController' being destroyed
[2018.08.23-09.34.34:027][812]LogSlate: Window 'Pirate_LobbyPlayerController' being destroyed
[2018.08.23-09.34.40:361][476]LogMetaData: Removing '/Game/Blueprints/StartUp/Pirate_LobbyPlayerController.SKEL_Pirate_LobbyPlayerController_C' ref from Metadata '/Game/Blueprints/Starting/Pirate_LobbyPlayerController.PackageMetaData'
[2018.08.23-09.34.40:361][476]LogMetaData: Removing '/Game/Blueprints/StartUp/Pirate_LobbyPlayerController.Pirate_LobbyPlayerController_C' ref from Metadata '/Game/Blueprints/Starting/Pirate_LobbyPlayerController.PackageMetaData'
[2018.08.23-09.34.40:361][476]LogMetaData: Removing '/Game/Blueprints/StartUp/Pirate_LobbyPlayerController.SKEL_Pirate_LobbyPlayerController_C:ReceiveBeginPlay' ref from Metadata '/Game/Blueprints/Starting/Pirate_LobbyPlayerController.PackageMetaData'
[2018.08.23-09.34.40:361][476]LogMetaData: Removing '/Game/Blueprints/StartUp/Pirate_LobbyPlayerController.SKEL_Pirate_LobbyPlayerController_C:ReceiveTick' ref from Metadata '/Game/Blueprints/Starting/Pirate_LobbyPlayerController.PackageMetaData'
[2018.08.23-09.34.40:361][476]LogMetaData: Removing '/Game/Blueprints/StartUp/Pirate_LobbyPlayerController.SKEL_Pirate_LobbyPlayerController_C:UserConstructionScript' ref from Metadata '/Game/Blueprints/Starting/Pirate_LobbyPlayerController.PackageMetaData'
[2018.08.23-09.34.40:367][476]LogMetaData: Removing '/Game/Blueprints/StartUp/Pirate_LobbyGameMode.SKEL_Pirate_LobbyGameMode_C:ReceiveBeginPlay' ref from Metadata '/Game/Blueprints/Starting/Pirate_LobbyGameMode.PackageMetaData'
[2018.08.23-09.34.40:367][476]LogMetaData: Removing '/Game/Blueprints/StartUp/Pirate_LobbyGameMode.SKEL_Pirate_LobbyGameMode_C' ref from Metadata '/Game/Blueprints/Starting/Pirate_LobbyGameMode.PackageMetaData'
[2018.08.23-09.34.40:367][476]LogMetaData: Removing '/Game/Blueprints/StartUp/Pirate_LobbyGameMode.Pirate_LobbyGameMode_C' ref from Metadata '/Game/Blueprints/Starting/Pirate_LobbyGameMode.PackageMetaData'
[2018.08.23-09.34.40:367][476]LogMetaData: Removing '/Game/Blueprints/StartUp/Pirate_LobbyGameMode.SKEL_Pirate_LobbyGameMode_C:ReceiveTick' ref from Metadata '/Game/Blueprints/Starting/Pirate_LobbyGameMode.PackageMetaData'
[2018.08.23-09.34.40:367][476]LogMetaData: Removing '/Game/Blueprints/StartUp/Pirate_LobbyGameMode.SKEL_Pirate_LobbyGameMode_C:DefaultSceneRoot' ref from Metadata '/Game/Blueprints/Starting/Pirate_LobbyGameMode.PackageMetaData'
[2018.08.23-09.34.40:367][476]LogMetaData: Removing '/Game/Blueprints/StartUp/Pirate_LobbyGameMode.SKEL_Pirate_LobbyGameMode_C:UserConstructionScript' ref from Metadata '/Game/Blueprints/Starting/Pirate_LobbyGameMode.PackageMetaData'
[2018.08.23-09.34.40:367][476]LogMetaData: Removing '/Game/Blueprints/StartUp/Pirate_LobbyGameMode.Pirate_LobbyGameMode_C:DefaultSceneRoot' ref from Metadata '/Game/Blueprints/Starting/Pirate_LobbyGameMode.PackageMetaData'
[2018.08.23-09.34.40:395][476]LogSavePackage: Moving '../../../../../../Users/Mark Thompson/Desktop/Esquire_VAFG/EngineDevelopment/ThePiratesCode/Saved/Pirate_LobbyPlayerControllerBF33268B4206A70FA70AABA44FDC8EB8.tmp' to '../../../../../../Users/Mark Thompson/Desktop/Esquire_VAFG/EngineDevelopment/ThePiratesCode/Content/Blueprints/StartUp/Pirate_LobbyPlayerController.uasset'
[2018.08.23-09.34.40:539][476]LogSavePackage: Moving '../../../../../../Users/Mark Thompson/Desktop/Esquire_VAFG/EngineDevelopment/ThePiratesCode/Saved/Pirate_LobbyGameModeDCF3685C4FC7230786D6BF98C4CB5FE1.tmp' to '../../../../../../Users/Mark Thompson/Desktop/Esquire_VAFG/EngineDevelopment/ThePiratesCode/Content/Blueprints/StartUp/Pirate_LobbyGameMode.uasset'
[2018.08.23-09.34.41:470][476]SourceControl: rm 'EngineDevelopment/ThePiratesCode/Content/Blueprints/Starting/Pirate_LobbyGameMode.uasset'
[2018.08.23-09.34.41:470][476]SourceControl: rm 'EngineDevelopment/ThePiratesCode/Content/Blueprints/Starting/Pirate_LobbyPlayerController.uasset'
[2018.08.23-09.34.53:941][869]LogMetaData: Removing '/Game/Blueprints/StartUp/Pirate_StartUpGameMode.Pirate_StartUpGameMode_C' ref from Metadata '/Game/Blueprints/StartUp/Pirate_LobbyGameMode.PackageMetaData'
[2018.08.23-09.34.53:941][869]LogMetaData: Removing '/Game/Blueprints/StartUp/Pirate_StartUpGameMode.SKEL_Pirate_StartUpGameMode_C' ref from Metadata '/Game/Blueprints/StartUp/Pirate_LobbyGameMode.PackageMetaData'
[2018.08.23-09.34.53:976][869]LogSavePackage: Moving '../../../../../../Users/Mark Thompson/Desktop/Esquire_VAFG/EngineDevelopment/ThePiratesCode/Saved/Pirate_StartUpGameMode6F4B327C453A2DCD00053E95443C307E.tmp' to '../../../../../../Users/Mark Thompson/Desktop/Esquire_VAFG/EngineDevelopment/ThePiratesCode/Content/Blueprints/StartUp/Pirate_StartUpGameMode.uasset'
[2018.08.23-09.34.54:633][869]SourceControl: rm 'EngineDevelopment/ThePiratesCode/Content/Blueprints/StartUp/Pirate_LobbyGameMode.uasset'
[2018.08.23-09.35.20:840][881]LogMetaData: Removing '/Game/Blueprints/StartUp/Pirate_StartUpPlayerController.Pirate_StartUpPlayerController_C' ref from Metadata '/Game/Blueprints/StartUp/Pirate_LobbyPlayerController.PackageMetaData'
[2018.08.23-09.35.20:840][881]LogMetaData: Removing '/Game/Blueprints/StartUp/Pirate_StartUpPlayerController.SKEL_Pirate_StartUpPlayerController_C' ref from Metadata '/Game/Blueprints/StartUp/Pirate_LobbyPlayerController.PackageMetaData'
[2018.08.23-09.35.20:869][881]LogSavePackage: Moving '../../../../../../Users/Mark Thompson/Desktop/Esquire_VAFG/EngineDevelopment/ThePiratesCode/Saved/Pirate_StartUpPlayerControllerFE062E0F4B47178C6323669D6F00B29E.tmp' to '../../../../../../Users/Mark Thompson/Desktop/Esquire_VAFG/EngineDevelopment/ThePiratesCode/Content/Blueprints/StartUp/Pirate_StartUpPlayerController.uasset'
[2018.08.23-09.35.21:532][881]SourceControl: rm 'EngineDevelopment/ThePiratesCode/Content/Blueprints/StartUp/Pirate_LobbyPlayerController.uasset'
[2018.08.23-09.35.49:379][988]SourceControl: fatal: C:/Program Files/Epic Games/UE_4.20/Engine/Content: 'C:/Program Files/Epic Games/UE_4.20/Engine/Content' is outside repository
[2018.08.23-09.36.08:487][988]LogSlate: Window 'Submit Files' being destroyed
[2018.08.23-09.36.09:073][988]LogSourceControl: commit successful: [master 8a37ec6] Player Controller and GameMode Setups
[2018.08.23-09.36.09:370][988]SourceControl: [master 8a37ec6] Player Controller and GameMode Setups
[2018.08.23-09.36.09:370][988]SourceControl:  12 files changed, 142 insertions(+)
[2018.08.23-09.36.09:370][988]SourceControl:  create mode 100644 EngineDevelopment/ThePiratesCode/Config/DefaultEngine.ini
[2018.08.23-09.36.09:370][988]SourceControl:  create mode 100644 EngineDevelopment/ThePiratesCode/Config/DefaultGame.ini
[2018.08.23-09.36.09:370][988]SourceControl:  create mode 100644 EngineDevelopment/ThePiratesCode/Content/Blueprints/AllLevels/Pirate_GameInstance.uasset
[2018.08.23-09.36.09:370][988]SourceControl:  create mode 100644 EngineDevelopment/ThePiratesCode/Content/Blueprints/AllLevels/PlayerSaveGame_BP.uasset
[2018.08.23-09.36.09:370][988]SourceControl:  create mode 100644 EngineDevelopment/ThePiratesCode/Content/Blueprints/AllLevels/SavedPlayerInformationStructure.uasset
[2018.08.23-09.36.09:370][988]SourceControl:  create mode 100644 EngineDevelopment/ThePiratesCode/Content/Blueprints/Multiplayer/Lobby/Pirate_LobbyGameMode.uasset
[2018.08.23-09.36.09:370][988]SourceControl:  create mode 100644 EngineDevelopment/ThePiratesCode/Content/Blueprints/Multiplayer/Lobby/Pirate_LobbyPlayerController.uasset
[2018.08.23-09.36.09:370][988]SourceControl:  create mode 100644 EngineDevelopment/ThePiratesCode/Content/Blueprints/Multiplayer/OnlineGameplay/Pirate_OnlineGameMode.uasset
[2018.08.23-09.36.09:370][988]SourceControl:  create mode 100644 EngineDevelopment/ThePiratesCode/Content/Blueprints/Multiplayer/OnlineGameplay/Pirate_OnlinePlayerController.uasset
[2018.08.23-09.36.09:370][988]SourceControl:  rewrite EngineDevelopment/ThePiratesCode/Content/Blueprints/Pirate_GameInstance.uasset (100%)
[2018.08.23-09.36.09:370][988]SourceControl:  create mode 100644 EngineDevelopment/ThePiratesCode/Content/Blueprints/StartUp/Pirate_StartUpGameMode.uasset
[2018.08.23-09.36.09:370][988]SourceControl:  create mode 100644 EngineDevelopment/ThePiratesCode/Content/Blueprints/StartUp/Pirate_StartUpPlayerController.uasset
[2018.08.23-09.36.09:383][988]SourceControl: Commited [master 8a37ec6] Player Controller and GameMode Setups.
[2018.08.23-09.36.09:433][989]LogFileHelpers: Editor autosave (incl. sublevels) for '/Temp/Untitled_1' took 0.017
[2018.08.23-09.36.09:439][989]OBJ SavePackage: Generating thumbnails for [0] asset(s) in package [/Game/Blueprints/Characters/Pirate_BaseCaptain] ([1] browsable assets)...
[2018.08.23-09.36.09:439][989]OBJ SavePackage: Finished generating thumbnails for package [/Game/Blueprints/Characters/Pirate_BaseCaptain]
[2018.08.23-09.36.09:449][989]LogSavePackage: Moving '../../../../../../Users/Mark Thompson/Desktop/Esquire_VAFG/EngineDevelopment/ThePiratesCode/Saved/Pirate_BaseCaptain_Auto372F336AC4894F6EB552E678C911EEE12.tmp' to '../../../../../../Users/Mark Thompson/Desktop/Esquire_VAFG/EngineDevelopment/ThePiratesCode/Saved/Autosaves/Game/Blueprints/Characters/Pirate_BaseCaptain_Auto3.uasset'
[2018.08.23-09.36.09:453][989]OBJ SavePackage: Generating thumbnails for [0] asset(s) in package [/Game/Blueprints/Gameplay/Pirate_GameplayGameMode] ([1] browsable assets)...
[2018.08.23-09.36.09:453][989]OBJ SavePackage: Finished generating thumbnails for package [/Game/Blueprints/Gameplay/Pirate_GameplayGameMode]
[2018.08.23-09.36.09:459][989]LogSavePackage: Moving '../../../../../../Users/Mark Thompson/Desktop/Esquire_VAFG/EngineDevelopment/ThePiratesCode/Saved/Pirate_GameplayGameMode_Auto353BBD42F460ACF4266F2A3BA55A2A9BF.tmp' to '../../../../../../Users/Mark Thompson/Desktop/Esquire_VAFG/EngineDevelopment/ThePiratesCode/Saved/Autosaves/Game/Blueprints/Gameplay/Pirate_GameplayGameMode_Auto3.uasset'
[2018.08.23-09.36.09:462][989]OBJ SavePackage: Generating thumbnails for [0] asset(s) in package [/Game/Blueprints/Gameplay/Pirate_GameplayPlayerController] ([1] browsable assets)...
[2018.08.23-09.36.09:462][989]OBJ SavePackage: Finished generating thumbnails for package [/Game/Blueprints/Gameplay/Pirate_GameplayPlayerController]
[2018.08.23-09.36.09:469][989]LogSavePackage: Moving '../../../../../../Users/Mark Thompson/Desktop/Esquire_VAFG/EngineDevelopment/ThePiratesCode/Saved/Pirate_GameplayPlayerController_C941BF484B16A5D57A5DE3BC723BC1F6.tmp' to '../../../../../../Users/Mark Thompson/Desktop/Esquire_VAFG/EngineDevelopment/ThePiratesCode/Saved/Autosaves/Game/Blueprints/Gameplay/Pirate_GameplayPlayerController_Auto3.uasset'
[2018.08.23-09.36.09:471][989]LogFileHelpers: Auto-saving content packages took 0.034
